0 info it worked if it ends with ok
1 verbose cli [ '/usr/local/bin/node', '/usr/local/bin/npm', 'run', 'compile' ]
2 info using npm@3.10.10
3 info using node@v6.10.2
4 verbose run-script [ 'precompile', 'compile', 'postcompile' ]
5 info lifecycle pro-mern-stack@1.0.0~precompile: pro-mern-stack@1.0.0
6 silly lifecycle pro-mern-stack@1.0.0~precompile: no script for precompile, continuing
7 info lifecycle pro-mern-stack@1.0.0~compile: pro-mern-stack@1.0.0
8 verbose lifecycle pro-mern-stack@1.0.0~compile: unsafe-perm in lifecycle true
9 verbose lifecycle pro-mern-stack@1.0.0~compile: PATH: /usr/local/lib/node_modules/npm/bin/node-gyp-bin:/src/app/node_modules/.bin:/usr/local/sbin:/usr/local/bin:/usr/sbin:/usr/bin:/sbin:/bin
10 verbose lifecycle pro-mern-stack@1.0.0~compile: CWD: /src/app
11 silly lifecycle pro-mern-stack@1.0.0~compile: Args: [ '-c', 'babel source --presets react --out-dir static' ]
12 info lifecycle pro-mern-stack@1.0.0~compile: Failed to exec compile script
13 verbose stack Error: pro-mern-stack@1.0.0 compile: `babel source --presets react --out-dir static`
13 verbose stack spawn ENOENT
13 verbose stack     at ChildProcess.<anonymous> (/usr/local/lib/node_modules/npm/lib/utils/spawn.js:33:16)
13 verbose stack     at emitTwo (events.js:106:13)
13 verbose stack     at ChildProcess.emit (events.js:191:7)
13 verbose stack     at maybeClose (internal/child_process.js:886:16)
13 verbose stack     at Process.ChildProcess._handle.onexit (internal/child_process.js:226:5)
14 verbose pkgid pro-mern-stack@1.0.0
15 verbose cwd /src/app
16 error Linux 4.4.0-83-generic
17 error argv "/usr/local/bin/node" "/usr/local/bin/npm" "run" "compile"
18 error node v6.10.2
19 error npm  v3.10.10
20 error file sh
21 error code ELIFECYCLE
22 error errno ENOENT
23 error syscall spawn
24 error pro-mern-stack@1.0.0 compile: `babel source --presets react --out-dir static`
24 error spawn ENOENT
25 error Failed at the pro-mern-stack@1.0.0 compile script 'babel source --presets react --out-dir static'.
25 error Make sure you have the latest version of node.js and npm installed.
25 error If you do, this is most likely a problem with the pro-mern-stack package,
25 error not with npm itself.
25 error Tell the author that this fails on your system:
25 error     babel source --presets react --out-dir static
25 error You can get information on how to open an issue for this project with:
25 error     npm bugs pro-mern-stack
25 error Or if that isn't available, you can get their info via:
25 error     npm owner ls pro-mern-stack
25 error There is likely additional logging output above.
26 verbose exit [ 1, true ]
